<?xml version="1.0" encoding="UTF-8"?>
<testsuite name="com.gildedrose.GildedRoseTest" tests="2" skipped="0" failures="0" errors="0" timestamp="2023-09-27T19:07:25" hostname="DESKTOP-B8PJ0VP" time="0.035">
  <properties/>
  <testcase name="Test that the name is unchanged" classname="com.gildedrose.GildedRoseTest" time="0.032"/>
  <testcase name="Test the updateQuality method for a normal item" classname="com.gildedrose.GildedRoseTest" time="0.001"/>
  <system-out><![CDATA[]]></system-out>
  <system-err><![CDATA[]]></system-err>
</testsuite>
