<?xml version="1.0" encoding="UTF-8"?>
<testsuite name="com.gildedrose.GildedRoseTest" tests="13" skipped="0" failures="0" errors="0" timestamp="2023-10-04T19:06:59" hostname="DESKTOP-B8PJ0VP" time="0.077">
  <properties/>
  <testcase name="Test the updateQuality method for Aged Brie with quality at its minimu 0" classname="com.gildedrose.GildedRoseTest" time="0.036"/>
  <testcase name="Test the updateQuality method for a Aged Brie negative sellin quality &lt;50" classname="com.gildedrose.GildedRoseTest" time="0.001"/>
  <testcase name="Test that the name is unchanged" classname="com.gildedrose.GildedRoseTest" time="0.004"/>
  <testcase name="testToString()" classname="com.gildedrose.GildedRoseTest" time="0.009"/>
  <testcase name="Test the updateQuality method for a Backstage passes to a TAFKAL80ETC concert negative quality" classname="com.gildedrose.GildedRoseTest" time="0.001"/>
  <testcase name="Test the updateQuality method for Backstage Passes with 15 days left" classname="com.gildedrose.GildedRoseTest" time="0.001"/>
  <testcase name="Test the updateQuality method for a normal item" classname="com.gildedrose.GildedRoseTest" time="0.001"/>
  <testcase name="Test the updateQuality method for Aged Brie with quality at its maximum (50)" classname="com.gildedrose.GildedRoseTest" time="0.001"/>
  <testcase name="Test the updateQuality method for a Sulfuras item" classname="com.gildedrose.GildedRoseTest" time="0.001"/>
  <testcase name="Test the updateQuality method for Backstage Passes with 5 days left" classname="com.gildedrose.GildedRoseTest" time="0.002"/>
  <testcase name="Test the updateQuality method for a Sulfuras, Hand of Ragnaros negative quality" classname="com.gildedrose.GildedRoseTest" time="0.001"/>
  <testcase name="Test the updateQuality method for Conjured Mana Cake with negative sellIn" classname="com.gildedrose.GildedRoseTest" time="0.001"/>
  <testcase name="Test the updateQuality method for a Aged Brie negative sellin quality &gt;50" classname="com.gildedrose.GildedRoseTest" time="0.001"/>
  <system-out><![CDATA[]]></system-out>
  <system-err><![CDATA[]]></system-err>
</testsuite>
